<?xml version="1.0" encoding="UTF-8"?>
<!-- Generated by org.testng.reporters.JUnitXMLReporter -->
<testsuite hostname="VAX02296" ignored="0" name="FrwPlanReview" tests="1" failures="0" timestamp="20 Jan 2021 11:05:32 GMT" time="5.159" errors="0">
  <testcase name="@BeforeMethod login" time="3.722" classname="test.Sel.Project">
    <failure type="java.lang.RuntimeException" message="The value specified is not available in the property file">
      <![CDATA[java.lang.RuntimeException: The value specified is not available in the property file
	at test.Sel.CommonMethods.configFileReader(CommonMethods.java:119)
	at test.Sel.CommonMethods.startApp(CommonMethods.java:89)
	at test.Sel.Project.login(Project.java:28)
	at java.util.concurrent.FutureTask.run(Unknown Source)
	at java.util.concurrent.Executors$RunnableAdapter.call(Unknown Source)
	at java.util.concurrent.FutureTask.run(Unknown Source)
	at java.util.concurrent.ThreadPoolExecutor.runWorker(Unknown Source)
	at java.util.concurrent.ThreadPoolExecutor$Worker.run(Unknown Source)
	at java.lang.Thread.run(Unknown Source)
... Removed 11 stack frames]]>
    </failure>
  </testcase> <!-- @BeforeMethod login -->
  <testcase name="HomePage" time="0.0" classname="stringTest.FrwPlanReview">
    <skipped/>
  </testcase> <!-- HomePage -->
</testsuite> <!-- FrwPlanReview -->
