<?xml version="1.0" encoding="UTF-8"?>
<!-- Generated by org.testng.reporters.JUnitXMLReporter -->
<testsuite hostname="VMEXTPRS18968" ignored="8" name="NSW" tests="5" failures="2" timestamp="17 Oct 2019 08:52:17 GMT" time="51.801" errors="0">
  <testcase name="ContractOverview" time="13.44" classname="testcases.NSW.TC_003_ContractOverview">
    <failure type="java.lang.RuntimeException">
      <![CDATA[java.lang.RuntimeException
	at test.Sel.CommonMethods.locateElement(CommonMethods.java:160)
	at testcases.NSW.TC_003_ContractOverview.ContractOverview(TC_003_ContractOverview.java:49)
	at java.util.concurrent.FutureTask.run(Unknown Source)
	at java.util.concurrent.Executors$RunnableAdapter.call(Unknown Source)
	at java.util.concurrent.FutureTask.run(Unknown Source)
	at java.util.concurrent.ThreadPoolExecutor.runWorker(Unknown Source)
	at java.util.concurrent.ThreadPoolExecutor$Worker.run(Unknown Source)
	at java.lang.Thread.run(Unknown Source)
... Removed 9 stack frames]]>
    </failure>
  </testcase> <!-- ContractOverview -->
  <testcase name="ContractContextPage" time="23.328" classname="testcases.NSW.TC_001_HomeContext"/>
  <testcase name="recentHappenings" time="37.862" classname="testcases.NSW.TC_005_RecentHappenings">
    <failure type="java.lang.RuntimeException">
      <![CDATA[java.lang.RuntimeException
	at test.Sel.CommonMethods.locateElement(CommonMethods.java:160)
	at testcases.NSW.TC_005_RecentHappenings.recentHappenings(TC_005_RecentHappenings.java:55)
	at java.util.concurrent.FutureTask.run(Unknown Source)
	at java.util.concurrent.Executors$RunnableAdapter.call(Unknown Source)
	at java.util.concurrent.FutureTask.run(Unknown Source)
	at java.util.concurrent.ThreadPoolExecutor.runWorker(Unknown Source)
	at java.util.concurrent.ThreadPoolExecutor$Worker.run(Unknown Source)
	at java.lang.Thread.run(Unknown Source)
... Removed 9 stack frames]]>
    </failure>
  </testcase> <!-- recentHappenings -->
  <testcase name="contacts" time="23.744" classname="testcases.NSW.TC_004_Contacts"/>
  <testcase name="ContractContextPage" time="42.508" classname="testcases.NSW.TC_002_ContractContext"/>
  <testcase name="@AfterSuite afterSuite" time="0.0" classname="test.Sel.Project">
    <ignored/>
  </testcase> <!-- @AfterSuite afterSuite -->
  <testcase name="@AfterSuite afterSuite" time="0.0" classname="test.Sel.Project">
    <ignored/>
  </testcase> <!-- @AfterSuite afterSuite -->
  <testcase name="@AfterSuite afterSuite" time="0.0" classname="test.Sel.Project">
    <ignored/>
  </testcase> <!-- @AfterSuite afterSuite -->
  <testcase name="@AfterSuite afterSuite" time="0.0" classname="test.Sel.Project">
    <ignored/>
  </testcase> <!-- @AfterSuite afterSuite -->
  <testcase name="@BeforeSuite beforeSuite" time="0.0" classname="test.Sel.Project">
    <ignored/>
  </testcase> <!-- @BeforeSuite beforeSuite -->
  <testcase name="@BeforeSuite beforeSuite" time="0.0" classname="test.Sel.Project">
    <ignored/>
  </testcase> <!-- @BeforeSuite beforeSuite -->
  <testcase name="@BeforeSuite beforeSuite" time="0.0" classname="test.Sel.Project">
    <ignored/>
  </testcase> <!-- @BeforeSuite beforeSuite -->
  <testcase name="@BeforeSuite beforeSuite" time="0.0" classname="test.Sel.Project">
    <ignored/>
  </testcase> <!-- @BeforeSuite beforeSuite -->
</testsuite> <!-- NSW -->
