<?xml version="1.0" encoding="UTF-8"?>
<!-- Generated by org.testng.reporters.JUnitXMLReporter -->
<testsuite hostname="VMEXTPRS18968" ignored="2" name="OOS" tests="2" failures="2" timestamp="27 Jan 2020 13:43:32 GMT" time="63.366" errors="0">
  <testcase name="createOrderRequest" time="13.296" classname="testcases.OOS.TC_002_OtherLinks">
    <failure type="java.lang.RuntimeException">
      <![CDATA[java.lang.RuntimeException
	at test.Sel.CommonMethods.locateElement(CommonMethods.java:166)
	at testcases.OOS.TC_002_OtherLinks.createOrderRequest(TC_002_OtherLinks.java:50)
	at java.util.concurrent.FutureTask.run(Unknown Source)
	at java.util.concurrent.Executors$RunnableAdapter.call(Unknown Source)
	at java.util.concurrent.FutureTask.run(Unknown Source)
	at java.util.concurrent.ThreadPoolExecutor.runWorker(Unknown Source)
	at java.util.concurrent.ThreadPoolExecutor$Worker.run(Unknown Source)
	at java.lang.Thread.run(Unknown Source)
... Removed 9 stack frames]]>
    </failure>
  </testcase> <!-- createOrderRequest -->
  <testcase name="createOrderRequest" time="46.006" classname="testcases.OOS.TC_001_CreatOrderRequest">
    <failure type="java.lang.RuntimeException">
      <![CDATA[java.lang.RuntimeException
	at test.Sel.CommonMethods.locateElement(CommonMethods.java:166)
	at testcases.OOS.TC_001_CreatOrderRequest.createOrderRequest(TC_001_CreatOrderRequest.java:150)
	at java.util.concurrent.FutureTask.run(Unknown Source)
	at java.util.concurrent.Executors$RunnableAdapter.call(Unknown Source)
	at java.util.concurrent.FutureTask.run(Unknown Source)
	at java.util.concurrent.ThreadPoolExecutor.runWorker(Unknown Source)
	at java.util.concurrent.ThreadPoolExecutor$Worker.run(Unknown Source)
	at java.lang.Thread.run(Unknown Source)
... Removed 9 stack frames]]>
    </failure>
  </testcase> <!-- createOrderRequest -->
  <testcase name="@AfterSuite afterSuite" time="0.0" classname="test.Sel.Project">
    <ignored/>
  </testcase> <!-- @AfterSuite afterSuite -->
  <testcase name="@BeforeSuite beforeSuite" time="0.0" classname="test.Sel.Project">
    <ignored/>
  </testcase> <!-- @BeforeSuite beforeSuite -->
</testsuite> <!-- OOS -->
