<?xml version="1.0" encoding="UTF-8"?>
<!-- Generated by org.testng.reporters.JUnitXMLReporter -->
<testsuite hostname="VMEXTPRS18968" ignored="8" name="Test1" tests="5" failures="0" timestamp="26 Jun 2019 14:54:01 GMT" time="92.704" errors="0">
  <testcase name="QuickLinks" time="47.179" classname="testcases.EZK.TC_004_QuickLinks"/>
  <testcase name="QuickLinks" time="48.347" classname="testcases.EZK.TC_005_MyProfile"/>
  <testcase name="HomePage" time="50.293" classname="testcases.EZK.TC_003_Learn"/>
  <testcase name="HomePage" time="48.569" classname="testcases.EZK.TC_002_Review"/>
  <testcase name="HomePage" time="56.805" classname="testcases.EZK.TC_001_Manage"/>
  <testcase name="@AfterSuite afterSuite" time="0.0" classname="test.Sel.Project">
    <ignored/>
  </testcase> <!-- @AfterSuite afterSuite -->
  <testcase name="@AfterSuite afterSuite" time="0.0" classname="test.Sel.Project">
    <ignored/>
  </testcase> <!-- @AfterSuite afterSuite -->
  <testcase name="@AfterSuite afterSuite" time="0.0" classname="test.Sel.Project">
    <ignored/>
  </testcase> <!-- @AfterSuite afterSuite -->
  <testcase name="@AfterSuite afterSuite" time="0.0" classname="test.Sel.Project">
    <ignored/>
  </testcase> <!-- @AfterSuite afterSuite -->
  <testcase name="@BeforeSuite beforeSuite" time="0.0" classname="test.Sel.Project">
    <ignored/>
  </testcase> <!-- @BeforeSuite beforeSuite -->
  <testcase name="@BeforeSuite beforeSuite" time="0.0" classname="test.Sel.Project">
    <ignored/>
  </testcase> <!-- @BeforeSuite beforeSuite -->
  <testcase name="@BeforeSuite beforeSuite" time="0.0" classname="test.Sel.Project">
    <ignored/>
  </testcase> <!-- @BeforeSuite beforeSuite -->
  <testcase name="@BeforeSuite beforeSuite" time="0.0" classname="test.Sel.Project">
    <ignored/>
  </testcase> <!-- @BeforeSuite beforeSuite -->
</testsuite> <!-- Test1 -->
