<?xml version="1.0" encoding="UTF-8"?>
<!-- Generated by org.testng.reporters.JUnitXMLReporter -->
<testsuite hostname="VBX01548" ignored="0" name="TPA" tests="1" failures="0" timestamp="28 Oct 2020 12:10:48 GMT" time="26.014" errors="0">
  <testcase name="@BeforeMethod login" time="21.585" classname="test.Sel.Project">
    <failure type="java.lang.RuntimeException" message="The value specified is not available in the property file">
      <![CDATA[java.lang.RuntimeException: The value specified is not available in the property file
	at test.Sel.CommonMethods.configFileReader(CommonMethods.java:113)
	at test.Sel.CommonMethods.startApp(CommonMethods.java:84)
	at test.Sel.Project.login(Project.java:28)
	at java.util.concurrent.FutureTask.run(Unknown Source)
	at java.util.concurrent.Executors$RunnableAdapter.call(Unknown Source)
	at java.util.concurrent.FutureTask.run(Unknown Source)
	at java.util.concurrent.ThreadPoolExecutor.runWorker(Unknown Source)
	at java.util.concurrent.ThreadPoolExecutor$Worker.run(Unknown Source)
	at java.lang.Thread.run(Unknown Source)
... Removed 11 stack frames]]>
    </failure>
  </testcase> <!-- @BeforeMethod login -->
  <testcase name="TPAContracts" time="0.003" classname="testcases.TPA.TC_005_TPAContracts">
    <skipped/>
  </testcase> <!-- TPAContracts -->
</testsuite> <!-- TPA -->
