<?xml version="1.0" encoding="UTF-8"?>
<testng-results skipped="0" failed="0" ignored="0" total="1" passed="1">
  <reporter-output>
  </reporter-output>
  <suite name="Suite" duration-ms="77451" started-at="2021-02-25T14:13:31Z" finished-at="2021-02-25T14:14:49Z">
    <groups>
    </groups>
    <test name="GPSO" duration-ms="77451" started-at="2021-02-25T14:13:31Z" finished-at="2021-02-25T14:14:49Z">
      <class name="GPSOTest.GPSOT_20">
        <test-method status="PASS" signature="beforeSuite()[pri:0, instance:GPSOTest.GPSOT_20@22a67b4]" name="beforeSuite" is-config="true" duration-ms="867" started-at="2021-02-25T09:13:30Z" finished-at="2021-02-25T09:13:31Z">
          <reporter-output>
          </reporter-output>
        </test-method> <!-- beforeSuite -->
        <test-method status="PASS" signature="setData()[pri:0, instance:GPSOTest.GPSOT_20@22a67b4]" name="setData" is-config="true" duration-ms="0" started-at="2021-02-25T09:13:31Z" finished-at="2021-02-25T09:13:31Z">
          <reporter-output>
          </reporter-output>
        </test-method> <!-- setData -->
        <test-method status="PASS" signature="beforeClass()[pri:0, instance:GPSOTest.GPSOT_20@22a67b4]" name="beforeClass" is-config="true" duration-ms="41" started-at="2021-02-25T09:13:31Z" finished-at="2021-02-25T09:13:31Z">
          <reporter-output>
          </reporter-output>
        </test-method> <!-- beforeClass -->
        <test-method status="PASS" signature="login(java.lang.String)[pri:0, instance:GPSOTest.GPSOT_20@22a67b4]" name="login" is-config="true" duration-ms="16321" started-at="2021-02-25T09:13:34Z" finished-at="2021-02-25T09:13:50Z">
          <params>
            <param index="0">
              <value>
                <![CDATA[chrome]]>
              </value>
            </param>
          </params>
          <reporter-output>
          </reporter-output>
        </test-method> <!-- login -->
        <test-method status="PASS" signature="GPSOT_20_Test(java.util.Map)[pri:0, instance:GPSOTest.GPSOT_20@22a67b4]" name="GPSOT_20_Test" duration-ms="56468" started-at="2021-02-25T09:13:50Z" data-provider="fetchData" finished-at="2021-02-25T09:14:46Z">
          <params>
            <param index="0">
              <value>
                <![CDATA[{Loc=US, UserName=QATESTA, Password=Jhrps@123}]]>
              </value>
            </param>
          </params>
          <reporter-output>
          </reporter-output>
        </test-method> <!-- GPSOT_20_Test -->
        <test-method status="PASS" signature="closeApp()[pri:0, instance:GPSOTest.GPSOT_20@22a67b4]" name="closeApp" is-config="true" duration-ms="2498" started-at="2021-02-25T09:14:46Z" finished-at="2021-02-25T09:14:49Z">
          <reporter-output>
          </reporter-output>
        </test-method> <!-- closeApp -->
        <test-method status="PASS" signature="afterSuite()[pri:0, instance:GPSOTest.GPSOT_20@22a67b4]" name="afterSuite" is-config="true" duration-ms="904" started-at="2021-02-25T09:14:49Z" finished-at="2021-02-25T09:14:50Z">
          <reporter-output>
          </reporter-output>
        </test-method> <!-- afterSuite -->
      </class> <!-- GPSOTest.GPSOT_20 -->
    </test> <!-- GPSO -->
  </suite> <!-- Suite -->
</testng-results>
